e:\seetafaceengine-master\facedetection\examples\facedetection\release\nms.obj
e:\seetafaceengine-master\facedetection\examples\facedetection\release\image_pyramid.obj
e:\seetafaceengine-master\facedetection\examples\facedetection\release\surf_mlp_model_reader.obj
e:\seetafaceengine-master\facedetection\examples\facedetection\release\lab_boost_model_reader.obj
e:\seetafaceengine-master\facedetection\examples\facedetection\release\integ.obj
e:\seetafaceengine-master\facedetection\examples\facedetection\release\fust.obj
e:\seetafaceengine-master\facedetection\examples\facedetection\release\surf_feature_map.obj
e:\seetafaceengine-master\facedetection\examples\facedetection\release\lab_feature_map.obj
e:\seetafaceengine-master\facedetection\examples\facedetection\release\face_detection.obj
e:\seetafaceengine-master\facedetection\examples\facedetection\release\surf_mlp.obj
e:\seetafaceengine-master\facedetection\examples\facedetection\release\mlp.obj
e:\seetafaceengine-master\facedetection\examples\facedetection\release\lab_boosted_classifier.obj
e:\seetafaceengine-master\facedetection\examples\facedetection\release\sample_file.obj
e:\seetafaceengine-master\facedetection\examples\facedetection\release\sample_assist.obj
e:\seetafaceengine-master\facedetection\examples\facedetection\release\vc100.pdb
e:\seetafaceengine-master\facedetection\examples\release\facedetection.lib
e:\seetafaceengine-master\facedetection\examples\release\facedetection.exp
e:\seetafaceengine-master\facedetection\examples\release\facedetection.dll
e:\seetafaceengine-master\facedetection\examples\facedetection\release\facedetection.dll.intermediate.manifest
e:\seetafaceengine-master\facedetection\examples\release\facedetection.pdb
e:\seetafaceengine-master\facedetection\examples\facedetection\release\cl.command.1.tlog
e:\seetafaceengine-master\facedetection\examples\facedetection\release\cl.read.1.tlog
e:\seetafaceengine-master\facedetection\examples\facedetection\release\cl.write.1.tlog
e:\seetafaceengine-master\facedetection\examples\facedetection\release\facedetection.write.1.tlog
e:\seetafaceengine-master\facedetection\examples\facedetection\release\link.command.1.tlog
e:\seetafaceengine-master\facedetection\examples\facedetection\release\link.read.1.tlog
e:\seetafaceengine-master\facedetection\examples\facedetection\release\link.write.1.tlog
e:\seetafaceengine-master\facedetection\examples\facedetection\release\mt.command.1.tlog
e:\seetafaceengine-master\facedetection\examples\facedetection\release\mt.read.1.tlog
e:\seetafaceengine-master\facedetection\examples\facedetection\release\mt.write.1.tlog
