e:\seetafaceengine-master\facedetection\examples\facedetection\debug\vc120.pdb
e:\seetafaceengine-master\facedetection\examples\facedetection\debug\vc120.idb
e:\seetafaceengine-master\facedetection\examples\facedetection\debug\sample_assist.obj
e:\seetafaceengine-master\facedetection\examples\facedetection\debug\sample_file.obj
e:\seetafaceengine-master\facedetection\examples\facedetection\debug\lab_boosted_classifier.obj
e:\seetafaceengine-master\facedetection\examples\facedetection\debug\mlp.obj
e:\seetafaceengine-master\facedetection\examples\facedetection\debug\surf_mlp.obj
e:\seetafaceengine-master\facedetection\examples\facedetection\debug\face_detection.obj
e:\seetafaceengine-master\facedetection\examples\facedetection\debug\lab_feature_map.obj
e:\seetafaceengine-master\facedetection\examples\facedetection\debug\surf_feature_map.obj
e:\seetafaceengine-master\facedetection\examples\facedetection\debug\fust.obj
e:\seetafaceengine-master\facedetection\examples\facedetection\debug\integ.obj
e:\seetafaceengine-master\facedetection\examples\facedetection\debug\lab_boost_model_reader.obj
e:\seetafaceengine-master\facedetection\examples\facedetection\debug\surf_mlp_model_reader.obj
e:\seetafaceengine-master\facedetection\examples\facedetection\debug\image_pyramid.obj
e:\seetafaceengine-master\facedetection\examples\facedetection\debug\nms.obj
e:\seetafaceengine-master\facedetection\examples\debug\facedetection.lib
e:\seetafaceengine-master\facedetection\examples\debug\facedetection.exp
e:\seetafaceengine-master\facedetection\examples\debug\facedetection.ilk
e:\seetafaceengine-master\facedetection\examples\debug\facedetection.dll
e:\seetafaceengine-master\facedetection\examples\debug\facedetection.pdb
e:\seetafaceengine-master\facedetection\examples\facedetection\debug\facedetection.tlog\cl.command.1.tlog
e:\seetafaceengine-master\facedetection\examples\facedetection\debug\facedetection.tlog\cl.read.1.tlog
e:\seetafaceengine-master\facedetection\examples\facedetection\debug\facedetection.tlog\cl.write.1.tlog
e:\seetafaceengine-master\facedetection\examples\facedetection\debug\facedetection.tlog\facedetection.write.1u.tlog
e:\seetafaceengine-master\facedetection\examples\facedetection\debug\facedetection.tlog\link.command.1.tlog
e:\seetafaceengine-master\facedetection\examples\facedetection\debug\facedetection.tlog\link.read.1.tlog
e:\seetafaceengine-master\facedetection\examples\facedetection\debug\facedetection.tlog\link.write.1.tlog
