生成启动时间为 2017/2/28 14:39:37。
     1>项目“E:\SeetaFaceEngine-master\FaceDetection\examples\FaceDetection\FaceDetection.vcxproj”在节点 2 上(Build 个目标)。
     1>ClCompile:
         C:\Program Files (x86)\Microsoft Visual Studio 12.0\VC\bin\x86_amd64\CL.exe /c /Zi /nologo /W3 /WX- /sdl /O2 /Oi /GL /D WIN32 /D NDEBUG /D _WINDOWS /D _USRDLL /D FACEDETECTION_EXPORTS /D SEETA_EXPORTS /D USE_OPENMP /D _WINDLL /D _UNICODE /D UNICODE /Gm- /EHsc /MD /GS /Gy /fp:precise /Zc:wchar_t /Zc:forScope /openmp /Fo"x64\Release\\" /Fd"x64\Release\vc120.pdb" /Gd /TP /errorReport:prompt ..\..\src\classifier\lab_boosted_classifier.cpp ..\..\src\classifier\mlp.cpp ..\..\src\classifier\surf_mlp.cpp ..\..\src\face_detection.cpp ..\..\src\feat\lab_feature_map.cpp ..\..\src\feat\surf_feature_map.cpp ..\..\src\fust.cpp ..\..\src\io\lab_boost_model_reader.cpp ..\..\src\io\surf_mlp_model_reader.cpp ..\..\src\util\image_pyramid.cpp ..\..\src\util\nms.cpp
         lab_boosted_classifier.cpp
         mlp.cpp
         surf_mlp.cpp
         face_detection.cpp
         lab_feature_map.cpp
         surf_feature_map.cpp
         fust.cpp
         lab_boost_model_reader.cpp
         surf_mlp_model_reader.cpp
         image_pyramid.cpp
         nms.cpp
       Link:
         C:\Program Files (x86)\Microsoft Visual Studio 12.0\VC\bin\x86_amd64\link.exe /ERRORREPORT:PROMPT /OUT:"E:\SeetaFaceEngine-master\FaceDetection\examples\x64\Release\FaceDetection.dll" /INCREMENTAL:NO /NOLOGO kernel32.lib user32.lib gdi32.lib winspool.lib comdlg32.lib advapi32.lib shell32.lib ole32.lib oleaut32.lib uuid.lib odbc32.lib odbccp32.lib /MANIFEST /MANIFESTUAC:"level='asInvoker' uiAccess='false'" /manifest:embed /DEBUG /PDB:"E:\SeetaFaceEngine-master\FaceDetection\examples\x64\Release\FaceDetection.pdb" /SUBSYSTEM:WINDOWS /OPT:REF /OPT:ICF /LTCG /TLBID:1 /DYNAMICBASE /NXCOMPAT /IMPLIB:"E:\SeetaFaceEngine-master\FaceDetection\examples\x64\Release\FaceDetection.lib" /MACHINE:X64 /DLL x64\Release\lab_boosted_classifier.obj
         x64\Release\mlp.obj
         x64\Release\surf_mlp.obj
         x64\Release\face_detection.obj
         x64\Release\lab_feature_map.obj
         x64\Release\surf_feature_map.obj
         x64\Release\fust.obj
         x64\Release\lab_boost_model_reader.obj
         x64\Release\surf_mlp_model_reader.obj
         x64\Release\image_pyramid.obj
         x64\Release\nms.obj
            正在创建库 E:\SeetaFaceEngine-master\FaceDetection\examples\x64\Release\FaceDetection.lib 和对象 E:\SeetaFaceEngine-master\FaceDetection\examples\x64\Release\FaceDetection.exp
         正在生成代码
         已完成代码的生成
         FaceDetection.vcxproj -> E:\SeetaFaceEngine-master\FaceDetection\examples\x64\Release\FaceDetection.dll
     1>已完成生成项目“E:\SeetaFaceEngine-master\FaceDetection\examples\FaceDetection\FaceDetection.vcxproj”(Build 个目标)的操作。

生成成功。

已用时间 00:00:08.26
