e:\seetafaceengine-master\facedetection\examples\facedetection\x64\debug\sample_assist.obj
e:\seetafaceengine-master\facedetection\examples\facedetection\x64\debug\sample_file.obj
e:\seetafaceengine-master\facedetection\examples\facedetection\x64\debug\lab_boosted_classifier.obj
e:\seetafaceengine-master\facedetection\examples\facedetection\x64\debug\mlp.obj
e:\seetafaceengine-master\facedetection\examples\facedetection\x64\debug\surf_mlp.obj
e:\seetafaceengine-master\facedetection\examples\facedetection\x64\debug\face_detection.obj
e:\seetafaceengine-master\facedetection\examples\facedetection\x64\debug\lab_feature_map.obj
e:\seetafaceengine-master\facedetection\examples\facedetection\x64\debug\surf_feature_map.obj
e:\seetafaceengine-master\facedetection\examples\facedetection\x64\debug\fust.obj
e:\seetafaceengine-master\facedetection\examples\facedetection\x64\debug\integ.obj
e:\seetafaceengine-master\facedetection\examples\facedetection\x64\debug\lab_boost_model_reader.obj
e:\seetafaceengine-master\facedetection\examples\facedetection\x64\debug\surf_mlp_model_reader.obj
e:\seetafaceengine-master\facedetection\examples\facedetection\x64\debug\image_pyramid.obj
e:\seetafaceengine-master\facedetection\examples\facedetection\x64\debug\nms.obj
e:\seetafaceengine-master\facedetection\examples\facedetection\x64\debug\vc100.pdb
e:\seetafaceengine-master\facedetection\examples\facedetection\x64\debug\facedetection.dll.embed.manifest.res
e:\seetafaceengine-master\facedetection\examples\facedetection\x64\debug\cl.command.1.tlog
e:\seetafaceengine-master\facedetection\examples\facedetection\x64\debug\cl.read.1.tlog
e:\seetafaceengine-master\facedetection\examples\facedetection\x64\debug\cl.write.1.tlog
e:\seetafaceengine-master\facedetection\examples\facedetection\x64\debug\link-cvtres.read.1.tlog
e:\seetafaceengine-master\facedetection\examples\facedetection\x64\debug\link-cvtres.write.1.tlog
e:\seetafaceengine-master\facedetection\examples\facedetection\x64\debug\link.command.1.tlog
e:\seetafaceengine-master\facedetection\examples\facedetection\x64\debug\link.read.1.tlog
e:\seetafaceengine-master\facedetection\examples\facedetection\x64\debug\link.write.1.tlog
e:\seetafaceengine-master\facedetection\examples\facedetection\x64\debug\rc.command.1.tlog
e:\seetafaceengine-master\facedetection\examples\facedetection\x64\debug\rc.read.1.tlog
e:\seetafaceengine-master\facedetection\examples\facedetection\x64\debug\rc.write.1.tlog
e:\seetafaceengine-master\facedetection\examples\facedetection\x64\debug\facedetection.dll.embed.manifest
e:\seetafaceengine-master\facedetection\examples\facedetection\x64\debug\facedetection.dll.intermediate.manifest
e:\seetafaceengine-master\facedetection\examples\facedetection\x64\debug\vc100.idb
e:\seetafaceengine-master\facedetection\examples\facedetection\x64\debug\vc120.idb
e:\seetafaceengine-master\facedetection\examples\facedetection\x64\debug\vc120.pdb
e:\seetafaceengine-master\facedetection\examples\facedetection\x64\debug\facedetection_manifest.rc
e:\seetafaceengine-master\facedetection\examples\x64\debug\facedetection.pdb
